<?xml version="1.0" encoding="UTF-8"?>
<testsuite xmlns:xsi="http://www.w3.org/2001/XMLSchema-instance" xsi:noNamespaceSchemaLocation="https://maven.apache.org/surefire/maven-surefire-plugin/xsd/surefire-test-report.xsd" name="com.hope.PaymentApplicationTests" time="6.473" tests="1" errors="0" skipped="0" failures="0">
  <properties>
    <property name="sun.desktop" value="windows"/>
    <property name="awt.toolkit" value="sun.awt.windows.WToolkit"/>
    <property name="java.specification.version" value="11"/>
    <property name="sun.cpu.isalist" value="amd64"/>
    <property name="sun.jnu.encoding" value="GBK"/>
    <property name="java.class.path" value="D:\springcloud workplace\payment\target\test-classes;D:\springcloud workplace\payment\target\classes;D:\cangku\repository\org\springframework\cloud\spring-cloud-starter-netflix-eureka-client\3.0.0-SNAPSHOT\spring-cloud-starter-netflix-eureka-client-3.0.0-SNAPSHOT.jar;D:\cangku\repository\org\springframework\cloud\spring-cloud-starter\3.0.0-SNAPSHOT\spring-cloud-starter-3.0.0-SNAPSHOT.jar;D:\cangku\repository\org\springframework\cloud\spring-cloud-context\3.0.0-SNAPSHOT\spring-cloud-context-3.0.0-SNAPSHOT.jar;D:\cangku\repository\org\springframework\security\spring-security-crypto\5.4.0-RC1\spring-security-crypto-5.4.0-RC1.jar;D:\cangku\repository\org\springframework\cloud\spring-cloud-commons\3.0.0-SNAPSHOT\spring-cloud-commons-3.0.0-SNAPSHOT.jar;D:\cangku\repository\org\springframework\hateoas\spring-hateoas\1.2.0-M1\spring-hateoas-1.2.0-M1.jar;D:\cangku\repository\org\springframework\plugin\spring-plugin-core\2.0.0.RELEASE\spring-plugin-core-2.0.0.RELEASE.jar;D:\cangku\repository\org\springframework\security\spring-security-rsa\1.0.9.RELEASE\spring-security-rsa-1.0.9.RELEASE.jar;D:\cangku\repository\org\bouncycastle\bcpkix-jdk15on\1.64\bcpkix-jdk15on-1.64.jar;D:\cangku\repository\org\bouncycastle\bcprov-jdk15on\1.64\bcprov-jdk15on-1.64.jar;D:\cangku\repository\org\springframework\cloud\spring-cloud-netflix-eureka-client\3.0.0-SNAPSHOT\spring-cloud-netflix-eureka-client-3.0.0-SNAPSHOT.jar;D:\cangku\repository\com\netflix\eureka\eureka-client\1.9.25\eureka-client-1.9.25.jar;D:\cangku\repository\org\codehaus\jettison\jettison\1.3.7\jettison-1.3.7.jar;D:\cangku\repository\stax\stax-api\1.0.1\stax-api-1.0.1.jar;D:\cangku\repository\com\netflix\netflix-commons\netflix-eventbus\0.3.0\netflix-eventbus-0.3.0.jar;D:\cangku\repository\com\netflix\netflix-commons\netflix-infix\0.3.0\netflix-infix-0.3.0.jar;D:\cangku\repository\commons-jxpath\commons-jxpath\1.3\commons-jxpath-1.3.jar;D:\cangku\repository\joda-time\joda-time\2.3\joda-time-2.3.jar;D:\cangku\repository\org\antlr\antlr-runtime\3.4\antlr-runtime-3.4.jar;D:\cangku\repository\org\antlr\stringtemplate\3.2.1\stringtemplate-3.2.1.jar;D:\cangku\repository\antlr\antlr\2.7.7\antlr-2.7.7.jar;D:\cangku\repository\com\google\code\gson\gson\2.8.6\gson-2.8.6.jar;D:\cangku\repository\org\apache\commons\commons-math\2.2\commons-math-2.2.jar;D:\cangku\repository\javax\ws\rs\jsr311-api\1.1.1\jsr311-api-1.1.1.jar;D:\cangku\repository\com\netflix\servo\servo-core\0.12.21\servo-core-0.12.21.jar;D:\cangku\repository\com\google\guava\guava\19.0\guava-19.0.jar;D:\cangku\repository\org\apache\httpcomponents\httpclient\4.5.12\httpclient-4.5.12.jar;D:\cangku\repository\org\apache\httpcomponents\httpcore\4.4.13\httpcore-4.4.13.jar;D:\cangku\repository\commons-codec\commons-codec\1.14\commons-codec-1.14.jar;D:\cangku\repository\commons-configuration\commons-configuration\1.10\commons-configuration-1.10.jar;D:\cangku\repository\commons-lang\commons-lang\2.6\commons-lang-2.6.jar;D:\cangku\repository\com\google\inject\guice\4.1.0\guice-4.1.0.jar;D:\cangku\repository\javax\inject\javax.inject\1\javax.inject-1.jar;D:\cangku\repository\aopalliance\aopalliance\1.0\aopalliance-1.0.jar;D:\cangku\repository\com\fasterxml\jackson\core\jackson-annotations\2.11.2\jackson-annotations-2.11.2.jar;D:\cangku\repository\com\fasterxml\jackson\core\jackson-core\2.11.2\jackson-core-2.11.2.jar;D:\cangku\repository\com\fasterxml\jackson\core\jackson-databind\2.11.2\jackson-databind-2.11.2.jar;D:\cangku\repository\com\netflix\eureka\eureka-core\1.9.25\eureka-core-1.9.25.jar;D:\cangku\repository\com\fasterxml\woodstox\woodstox-core\5.3.0\woodstox-core-5.3.0.jar;D:\cangku\repository\org\codehaus\woodstox\stax2-api\4.2\stax2-api-4.2.jar;D:\cangku\repository\org\springframework\cloud\spring-cloud-starter-loadbalancer\3.0.0-SNAPSHOT\spring-cloud-starter-loadbalancer-3.0.0-SNAPSHOT.jar;D:\cangku\repository\org\springframework\cloud\spring-cloud-loadbalancer\3.0.0-SNAPSHOT\spring-cloud-loadbalancer-3.0.0-SNAPSHOT.jar;D:\cangku\repository\org\springframework\boot\spring-boot-starter-validation\2.4.0-SNAPSHOT\spring-boot-starter-validation-2.4.0-SNAPSHOT.jar;D:\cangku\repository\org\hibernate\validator\hibernate-validator\6.1.5.Final\hibernate-validator-6.1.5.Final.jar;D:\cangku\repository\jakarta\validation\jakarta.validation-api\2.0.2\jakarta.validation-api-2.0.2.jar;D:\cangku\repository\com\fasterxml\classmate\1.5.1\classmate-1.5.1.jar;D:\cangku\repository\io\projectreactor\reactor-core\3.4.0-SNAPSHOT\reactor-core-3.4.0-SNAPSHOT.jar;D:\cangku\repository\org\reactivestreams\reactive-streams\1.0.3\reactive-streams-1.0.3.jar;D:\cangku\repository\io\projectreactor\addons\reactor-extra\3.4.0-SNAPSHOT\reactor-extra-3.4.0-SNAPSHOT.jar;D:\cangku\repository\org\springframework\boot\spring-boot-starter-cache\2.4.0-SNAPSHOT\spring-boot-starter-cache-2.4.0-SNAPSHOT.jar;D:\cangku\repository\org\springframework\spring-context-support\5.3.0-SNAPSHOT\spring-context-support-5.3.0-SNAPSHOT.jar;D:\cangku\repository\com\stoyanr\evictor\1.0.0\evictor-1.0.0.jar;D:\cangku\repository\com\thoughtworks\xstream\xstream\1.4.11.1\xstream-1.4.11.1.jar;D:\cangku\repository\xmlpull\xmlpull\1.1.3.1\xmlpull-1.1.3.1.jar;D:\cangku\repository\xpp3\xpp3_min\1.1.4c\xpp3_min-1.1.4c.jar;D:\cangku\repository\org\springframework\boot\spring-boot-starter\2.4.0-SNAPSHOT\spring-boot-starter-2.4.0-SNAPSHOT.jar;D:\cangku\repository\org\springframework\boot\spring-boot\2.4.0-SNAPSHOT\spring-boot-2.4.0-SNAPSHOT.jar;D:\cangku\repository\org\springframework\spring-context\5.3.0-SNAPSHOT\spring-context-5.3.0-SNAPSHOT.jar;D:\cangku\repository\org\springframework\boot\spring-boot-autoconfigure\2.4.0-SNAPSHOT\spring-boot-autoconfigure-2.4.0-SNAPSHOT.jar;D:\cangku\repository\jakarta\annotation\jakarta.annotation-api\1.3.5\jakarta.annotation-api-1.3.5.jar;D:\cangku\repository\org\springframework\spring-core\5.3.0-SNAPSHOT\spring-core-5.3.0-SNAPSHOT.jar;D:\cangku\repository\org\springframework\spring-jcl\5.3.0-SNAPSHOT\spring-jcl-5.3.0-SNAPSHOT.jar;D:\cangku\repository\org\yaml\snakeyaml\1.26\snakeyaml-1.26.jar;D:\cangku\repository\org\springframework\boot\spring-boot-starter-log4j2\2.4.0-SNAPSHOT\spring-boot-starter-log4j2-2.4.0-SNAPSHOT.jar;D:\cangku\repository\org\apache\logging\log4j\log4j-slf4j-impl\2.13.3\log4j-slf4j-impl-2.13.3.jar;D:\cangku\repository\org\slf4j\slf4j-api\1.7.30\slf4j-api-1.7.30.jar;D:\cangku\repository\org\apache\logging\log4j\log4j-api\2.13.3\log4j-api-2.13.3.jar;D:\cangku\repository\org\apache\logging\log4j\log4j-core\2.13.3\log4j-core-2.13.3.jar;D:\cangku\repository\org\apache\logging\log4j\log4j-jul\2.13.3\log4j-jul-2.13.3.jar;D:\cangku\repository\org\slf4j\jul-to-slf4j\1.7.30\jul-to-slf4j-1.7.30.jar;D:\cangku\repository\com\lmax\disruptor\3.4.2\disruptor-3.4.2.jar;D:\cangku\repository\org\springframework\boot\spring-boot-starter-web\2.4.0-SNAPSHOT\spring-boot-starter-web-2.4.0-SNAPSHOT.jar;D:\cangku\repository\org\springframework\boot\spring-boot-starter-json\2.4.0-SNAPSHOT\spring-boot-starter-json-2.4.0-SNAPSHOT.jar;D:\cangku\repository\com\fasterxml\jackson\datatype\jackson-datatype-jdk8\2.11.2\jackson-datatype-jdk8-2.11.2.jar;D:\cangku\repository\com\fasterxml\jackson\datatype\jackson-datatype-jsr310\2.11.2\jackson-datatype-jsr310-2.11.2.jar;D:\cangku\repository\com\fasterxml\jackson\module\jackson-module-parameter-names\2.11.2\jackson-module-parameter-names-2.11.2.jar;D:\cangku\repository\org\springframework\spring-web\5.3.0-SNAPSHOT\spring-web-5.3.0-SNAPSHOT.jar;D:\cangku\repository\org\springframework\spring-beans\5.3.0-SNAPSHOT\spring-beans-5.3.0-SNAPSHOT.jar;D:\cangku\repository\org\springframework\spring-webmvc\5.3.0-SNAPSHOT\spring-webmvc-5.3.0-SNAPSHOT.jar;D:\cangku\repository\org\springframework\spring-aop\5.3.0-SNAPSHOT\spring-aop-5.3.0-SNAPSHOT.jar;D:\cangku\repository\org\springframework\spring-expression\5.3.0-SNAPSHOT\spring-expression-5.3.0-SNAPSHOT.jar;D:\cangku\repository\org\springframework\boot\spring-boot-starter-undertow\2.4.0-SNAPSHOT\spring-boot-starter-undertow-2.4.0-SNAPSHOT.jar;D:\cangku\repository\io\undertow\undertow-core\2.1.3.Final\undertow-core-2.1.3.Final.jar;D:\cangku\repository\org\jboss\logging\jboss-logging\3.4.1.Final\jboss-logging-3.4.1.Final.jar;D:\cangku\repository\org\jboss\xnio\xnio-api\3.8.0.Final\xnio-api-3.8.0.Final.jar;D:\cangku\repository\org\wildfly\common\wildfly-common\1.5.2.Final\wildfly-common-1.5.2.Final.jar;D:\cangku\repository\org\wildfly\client\wildfly-client-config\1.0.1.Final\wildfly-client-config-1.0.1.Final.jar;D:\cangku\repository\org\jboss\xnio\xnio-nio\3.8.0.Final\xnio-nio-3.8.0.Final.jar;D:\cangku\repository\org\jboss\threads\jboss-threads\3.1.0.Final\jboss-threads-3.1.0.Final.jar;D:\cangku\repository\io\undertow\undertow-servlet\2.1.3.Final\undertow-servlet-2.1.3.Final.jar;D:\cangku\repository\org\jboss\spec\javax\annotation\jboss-annotations-api_1.3_spec\2.0.1.Final\jboss-annotations-api_1.3_spec-2.0.1.Final.jar;D:\cangku\repository\io\undertow\undertow-websockets-jsr\2.1.3.Final\undertow-websockets-jsr-2.1.3.Final.jar;D:\cangku\repository\org\jboss\spec\javax\websocket\jboss-websocket-api_1.1_spec\2.0.0.Final\jboss-websocket-api_1.1_spec-2.0.0.Final.jar;D:\cangku\repository\jakarta\servlet\jakarta.servlet-api\4.0.4\jakarta.servlet-api-4.0.4.jar;D:\cangku\repository\org\glassfish\jakarta.el\3.0.3\jakarta.el-3.0.3.jar;D:\cangku\repository\org\projectlombok\lombok\1.18.10\lombok-1.18.10.jar;D:\cangku\repository\org\springframework\boot\spring-boot-starter-test\2.4.0-SNAPSHOT\spring-boot-starter-test-2.4.0-SNAPSHOT.jar;D:\cangku\repository\org\springframework\boot\spring-boot-test\2.4.0-SNAPSHOT\spring-boot-test-2.4.0-SNAPSHOT.jar;D:\cangku\repository\org\springframework\boot\spring-boot-test-autoconfigure\2.4.0-SNAPSHOT\spring-boot-test-autoconfigure-2.4.0-SNAPSHOT.jar;D:\cangku\repository\com\jayway\jsonpath\json-path\2.4.0\json-path-2.4.0.jar;D:\cangku\repository\net\minidev\json-smart\2.3\json-smart-2.3.jar;D:\cangku\repository\net\minidev\accessors-smart\1.2\accessors-smart-1.2.jar;D:\cangku\repository\org\ow2\asm\asm\5.0.4\asm-5.0.4.jar;D:\cangku\repository\jakarta\xml\bind\jakarta.xml.bind-api\2.3.3\jakarta.xml.bind-api-2.3.3.jar;D:\cangku\repository\jakarta\activation\jakarta.activation-api\1.2.2\jakarta.activation-api-1.2.2.jar;D:\cangku\repository\org\assertj\assertj-core\3.16.1\assertj-core-3.16.1.jar;D:\cangku\repository\org\hamcrest\hamcrest\2.2\hamcrest-2.2.jar;D:\cangku\repository\org\junit\jupiter\junit-jupiter\5.6.2\junit-jupiter-5.6.2.jar;D:\cangku\repository\org\junit\jupiter\junit-jupiter-api\5.6.2\junit-jupiter-api-5.6.2.jar;D:\cangku\repository\org\apiguardian\apiguardian-api\1.1.0\apiguardian-api-1.1.0.jar;D:\cangku\repository\org\opentest4j\opentest4j\1.2.0\opentest4j-1.2.0.jar;D:\cangku\repository\org\junit\platform\junit-platform-commons\1.6.2\junit-platform-commons-1.6.2.jar;D:\cangku\repository\org\junit\jupiter\junit-jupiter-params\5.6.2\junit-jupiter-params-5.6.2.jar;D:\cangku\repository\org\junit\jupiter\junit-jupiter-engine\5.6.2\junit-jupiter-engine-5.6.2.jar;D:\cangku\repository\org\junit\platform\junit-platform-engine\1.6.2\junit-platform-engine-1.6.2.jar;D:\cangku\repository\org\mockito\mockito-core\3.4.6\mockito-core-3.4.6.jar;D:\cangku\repository\net\bytebuddy\byte-buddy\1.10.14\byte-buddy-1.10.14.jar;D:\cangku\repository\net\bytebuddy\byte-buddy-agent\1.10.14\byte-buddy-agent-1.10.14.jar;D:\cangku\repository\org\objenesis\objenesis\2.6\objenesis-2.6.jar;D:\cangku\repository\org\mockito\mockito-junit-jupiter\3.4.6\mockito-junit-jupiter-3.4.6.jar;D:\cangku\repository\org\skyscreamer\jsonassert\1.5.0\jsonassert-1.5.0.jar;D:\cangku\repository\com\vaadin\external\google\android-json\0.0.20131108.vaadin1\android-json-0.0.20131108.vaadin1.jar;D:\cangku\repository\org\springframework\spring-test\5.3.0-SNAPSHOT\spring-test-5.3.0-SNAPSHOT.jar;D:\cangku\repository\org\xmlunit\xmlunit-core\2.7.0\xmlunit-core-2.7.0.jar;"/>
    <property name="java.vm.vendor" value="Oracle Corporation"/>
    <property name="sun.arch.data.model" value="64"/>
    <property name="user.variant" value=""/>
    <property name="java.vendor.url" value="http://java.oracle.com/"/>
    <property name="user.timezone" value="Asia/Shanghai"/>
    <property name="java.vm.specification.version" value="11"/>
    <property name="os.name" value="Windows 10"/>
    <property name="sun.java.launcher" value="SUN_STANDARD"/>
    <property name="user.country" value="CN"/>
    <property name="sun.boot.library.path" value="D:\programs\jdk11\bin"/>
    <property name="sun.java.command" value="C:\Users\black\AppData\Local\Temp\surefire10099936769195077727\surefirebooter10469857911953356931.jar C:\Users\black\AppData\Local\Temp\surefire10099936769195077727 2020-09-03T15-59-34_096-jvmRun1 surefire908805777092668799tmp surefire_013394098937009670360tmp"/>
    <property name="jdk.debug" value="release"/>
    <property name="surefire.test.class.path" value="D:\springcloud workplace\payment\target\test-classes;D:\springcloud workplace\payment\target\classes;D:\cangku\repository\org\springframework\cloud\spring-cloud-starter-netflix-eureka-client\3.0.0-SNAPSHOT\spring-cloud-starter-netflix-eureka-client-3.0.0-SNAPSHOT.jar;D:\cangku\repository\org\springframework\cloud\spring-cloud-starter\3.0.0-SNAPSHOT\spring-cloud-starter-3.0.0-SNAPSHOT.jar;D:\cangku\repository\org\springframework\cloud\spring-cloud-context\3.0.0-SNAPSHOT\spring-cloud-context-3.0.0-SNAPSHOT.jar;D:\cangku\repository\org\springframework\security\spring-security-crypto\5.4.0-RC1\spring-security-crypto-5.4.0-RC1.jar;D:\cangku\repository\org\springframework\cloud\spring-cloud-commons\3.0.0-SNAPSHOT\spring-cloud-commons-3.0.0-SNAPSHOT.jar;D:\cangku\repository\org\springframework\hateoas\spring-hateoas\1.2.0-M1\spring-hateoas-1.2.0-M1.jar;D:\cangku\repository\org\springframework\plugin\spring-plugin-core\2.0.0.RELEASE\spring-plugin-core-2.0.0.RELEASE.jar;D:\cangku\repository\org\springframework\security\spring-security-rsa\1.0.9.RELEASE\spring-security-rsa-1.0.9.RELEASE.jar;D:\cangku\repository\org\bouncycastle\bcpkix-jdk15on\1.64\bcpkix-jdk15on-1.64.jar;D:\cangku\repository\org\bouncycastle\bcprov-jdk15on\1.64\bcprov-jdk15on-1.64.jar;D:\cangku\repository\org\springframework\cloud\spring-cloud-netflix-eureka-client\3.0.0-SNAPSHOT\spring-cloud-netflix-eureka-client-3.0.0-SNAPSHOT.jar;D:\cangku\repository\com\netflix\eureka\eureka-client\1.9.25\eureka-client-1.9.25.jar;D:\cangku\repository\org\codehaus\jettison\jettison\1.3.7\jettison-1.3.7.jar;D:\cangku\repository\stax\stax-api\1.0.1\stax-api-1.0.1.jar;D:\cangku\repository\com\netflix\netflix-commons\netflix-eventbus\0.3.0\netflix-eventbus-0.3.0.jar;D:\cangku\repository\com\netflix\netflix-commons\netflix-infix\0.3.0\netflix-infix-0.3.0.jar;D:\cangku\repository\commons-jxpath\commons-jxpath\1.3\commons-jxpath-1.3.jar;D:\cangku\repository\joda-time\joda-time\2.3\joda-time-2.3.jar;D:\cangku\repository\org\antlr\antlr-runtime\3.4\antlr-runtime-3.4.jar;D:\cangku\repository\org\antlr\stringtemplate\3.2.1\stringtemplate-3.2.1.jar;D:\cangku\repository\antlr\antlr\2.7.7\antlr-2.7.7.jar;D:\cangku\repository\com\google\code\gson\gson\2.8.6\gson-2.8.6.jar;D:\cangku\repository\org\apache\commons\commons-math\2.2\commons-math-2.2.jar;D:\cangku\repository\javax\ws\rs\jsr311-api\1.1.1\jsr311-api-1.1.1.jar;D:\cangku\repository\com\netflix\servo\servo-core\0.12.21\servo-core-0.12.21.jar;D:\cangku\repository\com\google\guava\guava\19.0\guava-19.0.jar;D:\cangku\repository\org\apache\httpcomponents\httpclient\4.5.12\httpclient-4.5.12.jar;D:\cangku\repository\org\apache\httpcomponents\httpcore\4.4.13\httpcore-4.4.13.jar;D:\cangku\repository\commons-codec\commons-codec\1.14\commons-codec-1.14.jar;D:\cangku\repository\commons-configuration\commons-configuration\1.10\commons-configuration-1.10.jar;D:\cangku\repository\commons-lang\commons-lang\2.6\commons-lang-2.6.jar;D:\cangku\repository\com\google\inject\guice\4.1.0\guice-4.1.0.jar;D:\cangku\repository\javax\inject\javax.inject\1\javax.inject-1.jar;D:\cangku\repository\aopalliance\aopalliance\1.0\aopalliance-1.0.jar;D:\cangku\repository\com\fasterxml\jackson\core\jackson-annotations\2.11.2\jackson-annotations-2.11.2.jar;D:\cangku\repository\com\fasterxml\jackson\core\jackson-core\2.11.2\jackson-core-2.11.2.jar;D:\cangku\repository\com\fasterxml\jackson\core\jackson-databind\2.11.2\jackson-databind-2.11.2.jar;D:\cangku\repository\com\netflix\eureka\eureka-core\1.9.25\eureka-core-1.9.25.jar;D:\cangku\repository\com\fasterxml\woodstox\woodstox-core\5.3.0\woodstox-core-5.3.0.jar;D:\cangku\repository\org\codehaus\woodstox\stax2-api\4.2\stax2-api-4.2.jar;D:\cangku\repository\org\springframework\cloud\spring-cloud-starter-loadbalancer\3.0.0-SNAPSHOT\spring-cloud-starter-loadbalancer-3.0.0-SNAPSHOT.jar;D:\cangku\repository\org\springframework\cloud\spring-cloud-loadbalancer\3.0.0-SNAPSHOT\spring-cloud-loadbalancer-3.0.0-SNAPSHOT.jar;D:\cangku\repository\org\springframework\boot\spring-boot-starter-validation\2.4.0-SNAPSHOT\spring-boot-starter-validation-2.4.0-SNAPSHOT.jar;D:\cangku\repository\org\hibernate\validator\hibernate-validator\6.1.5.Final\hibernate-validator-6.1.5.Final.jar;D:\cangku\repository\jakarta\validation\jakarta.validation-api\2.0.2\jakarta.validation-api-2.0.2.jar;D:\cangku\repository\com\fasterxml\classmate\1.5.1\classmate-1.5.1.jar;D:\cangku\repository\io\projectreactor\reactor-core\3.4.0-SNAPSHOT\reactor-core-3.4.0-SNAPSHOT.jar;D:\cangku\repository\org\reactivestreams\reactive-streams\1.0.3\reactive-streams-1.0.3.jar;D:\cangku\repository\io\projectreactor\addons\reactor-extra\3.4.0-SNAPSHOT\reactor-extra-3.4.0-SNAPSHOT.jar;D:\cangku\repository\org\springframework\boot\spring-boot-starter-cache\2.4.0-SNAPSHOT\spring-boot-starter-cache-2.4.0-SNAPSHOT.jar;D:\cangku\repository\org\springframework\spring-context-support\5.3.0-SNAPSHOT\spring-context-support-5.3.0-SNAPSHOT.jar;D:\cangku\repository\com\stoyanr\evictor\1.0.0\evictor-1.0.0.jar;D:\cangku\repository\com\thoughtworks\xstream\xstream\1.4.11.1\xstream-1.4.11.1.jar;D:\cangku\repository\xmlpull\xmlpull\1.1.3.1\xmlpull-1.1.3.1.jar;D:\cangku\repository\xpp3\xpp3_min\1.1.4c\xpp3_min-1.1.4c.jar;D:\cangku\repository\org\springframework\boot\spring-boot-starter\2.4.0-SNAPSHOT\spring-boot-starter-2.4.0-SNAPSHOT.jar;D:\cangku\repository\org\springframework\boot\spring-boot\2.4.0-SNAPSHOT\spring-boot-2.4.0-SNAPSHOT.jar;D:\cangku\repository\org\springframework\spring-context\5.3.0-SNAPSHOT\spring-context-5.3.0-SNAPSHOT.jar;D:\cangku\repository\org\springframework\boot\spring-boot-autoconfigure\2.4.0-SNAPSHOT\spring-boot-autoconfigure-2.4.0-SNAPSHOT.jar;D:\cangku\repository\jakarta\annotation\jakarta.annotation-api\1.3.5\jakarta.annotation-api-1.3.5.jar;D:\cangku\repository\org\springframework\spring-core\5.3.0-SNAPSHOT\spring-core-5.3.0-SNAPSHOT.jar;D:\cangku\repository\org\springframework\spring-jcl\5.3.0-SNAPSHOT\spring-jcl-5.3.0-SNAPSHOT.jar;D:\cangku\repository\org\yaml\snakeyaml\1.26\snakeyaml-1.26.jar;D:\cangku\repository\org\springframework\boot\spring-boot-starter-log4j2\2.4.0-SNAPSHOT\spring-boot-starter-log4j2-2.4.0-SNAPSHOT.jar;D:\cangku\repository\org\apache\logging\log4j\log4j-slf4j-impl\2.13.3\log4j-slf4j-impl-2.13.3.jar;D:\cangku\repository\org\slf4j\slf4j-api\1.7.30\slf4j-api-1.7.30.jar;D:\cangku\repository\org\apache\logging\log4j\log4j-api\2.13.3\log4j-api-2.13.3.jar;D:\cangku\repository\org\apache\logging\log4j\log4j-core\2.13.3\log4j-core-2.13.3.jar;D:\cangku\repository\org\apache\logging\log4j\log4j-jul\2.13.3\log4j-jul-2.13.3.jar;D:\cangku\repository\org\slf4j\jul-to-slf4j\1.7.30\jul-to-slf4j-1.7.30.jar;D:\cangku\repository\com\lmax\disruptor\3.4.2\disruptor-3.4.2.jar;D:\cangku\repository\org\springframework\boot\spring-boot-starter-web\2.4.0-SNAPSHOT\spring-boot-starter-web-2.4.0-SNAPSHOT.jar;D:\cangku\repository\org\springframework\boot\spring-boot-starter-json\2.4.0-SNAPSHOT\spring-boot-starter-json-2.4.0-SNAPSHOT.jar;D:\cangku\repository\com\fasterxml\jackson\datatype\jackson-datatype-jdk8\2.11.2\jackson-datatype-jdk8-2.11.2.jar;D:\cangku\repository\com\fasterxml\jackson\datatype\jackson-datatype-jsr310\2.11.2\jackson-datatype-jsr310-2.11.2.jar;D:\cangku\repository\com\fasterxml\jackson\module\jackson-module-parameter-names\2.11.2\jackson-module-parameter-names-2.11.2.jar;D:\cangku\repository\org\springframework\spring-web\5.3.0-SNAPSHOT\spring-web-5.3.0-SNAPSHOT.jar;D:\cangku\repository\org\springframework\spring-beans\5.3.0-SNAPSHOT\spring-beans-5.3.0-SNAPSHOT.jar;D:\cangku\repository\org\springframework\spring-webmvc\5.3.0-SNAPSHOT\spring-webmvc-5.3.0-SNAPSHOT.jar;D:\cangku\repository\org\springframework\spring-aop\5.3.0-SNAPSHOT\spring-aop-5.3.0-SNAPSHOT.jar;D:\cangku\repository\org\springframework\spring-expression\5.3.0-SNAPSHOT\spring-expression-5.3.0-SNAPSHOT.jar;D:\cangku\repository\org\springframework\boot\spring-boot-starter-undertow\2.4.0-SNAPSHOT\spring-boot-starter-undertow-2.4.0-SNAPSHOT.jar;D:\cangku\repository\io\undertow\undertow-core\2.1.3.Final\undertow-core-2.1.3.Final.jar;D:\cangku\repository\org\jboss\logging\jboss-logging\3.4.1.Final\jboss-logging-3.4.1.Final.jar;D:\cangku\repository\org\jboss\xnio\xnio-api\3.8.0.Final\xnio-api-3.8.0.Final.jar;D:\cangku\repository\org\wildfly\common\wildfly-common\1.5.2.Final\wildfly-common-1.5.2.Final.jar;D:\cangku\repository\org\wildfly\client\wildfly-client-config\1.0.1.Final\wildfly-client-config-1.0.1.Final.jar;D:\cangku\repository\org\jboss\xnio\xnio-nio\3.8.0.Final\xnio-nio-3.8.0.Final.jar;D:\cangku\repository\org\jboss\threads\jboss-threads\3.1.0.Final\jboss-threads-3.1.0.Final.jar;D:\cangku\repository\io\undertow\undertow-servlet\2.1.3.Final\undertow-servlet-2.1.3.Final.jar;D:\cangku\repository\org\jboss\spec\javax\annotation\jboss-annotations-api_1.3_spec\2.0.1.Final\jboss-annotations-api_1.3_spec-2.0.1.Final.jar;D:\cangku\repository\io\undertow\undertow-websockets-jsr\2.1.3.Final\undertow-websockets-jsr-2.1.3.Final.jar;D:\cangku\repository\org\jboss\spec\javax\websocket\jboss-websocket-api_1.1_spec\2.0.0.Final\jboss-websocket-api_1.1_spec-2.0.0.Final.jar;D:\cangku\repository\jakarta\servlet\jakarta.servlet-api\4.0.4\jakarta.servlet-api-4.0.4.jar;D:\cangku\repository\org\glassfish\jakarta.el\3.0.3\jakarta.el-3.0.3.jar;D:\cangku\repository\org\projectlombok\lombok\1.18.10\lombok-1.18.10.jar;D:\cangku\repository\org\springframework\boot\spring-boot-starter-test\2.4.0-SNAPSHOT\spring-boot-starter-test-2.4.0-SNAPSHOT.jar;D:\cangku\repository\org\springframework\boot\spring-boot-test\2.4.0-SNAPSHOT\spring-boot-test-2.4.0-SNAPSHOT.jar;D:\cangku\repository\org\springframework\boot\spring-boot-test-autoconfigure\2.4.0-SNAPSHOT\spring-boot-test-autoconfigure-2.4.0-SNAPSHOT.jar;D:\cangku\repository\com\jayway\jsonpath\json-path\2.4.0\json-path-2.4.0.jar;D:\cangku\repository\net\minidev\json-smart\2.3\json-smart-2.3.jar;D:\cangku\repository\net\minidev\accessors-smart\1.2\accessors-smart-1.2.jar;D:\cangku\repository\org\ow2\asm\asm\5.0.4\asm-5.0.4.jar;D:\cangku\repository\jakarta\xml\bind\jakarta.xml.bind-api\2.3.3\jakarta.xml.bind-api-2.3.3.jar;D:\cangku\repository\jakarta\activation\jakarta.activation-api\1.2.2\jakarta.activation-api-1.2.2.jar;D:\cangku\repository\org\assertj\assertj-core\3.16.1\assertj-core-3.16.1.jar;D:\cangku\repository\org\hamcrest\hamcrest\2.2\hamcrest-2.2.jar;D:\cangku\repository\org\junit\jupiter\junit-jupiter\5.6.2\junit-jupiter-5.6.2.jar;D:\cangku\repository\org\junit\jupiter\junit-jupiter-api\5.6.2\junit-jupiter-api-5.6.2.jar;D:\cangku\repository\org\apiguardian\apiguardian-api\1.1.0\apiguardian-api-1.1.0.jar;D:\cangku\repository\org\opentest4j\opentest4j\1.2.0\opentest4j-1.2.0.jar;D:\cangku\repository\org\junit\platform\junit-platform-commons\1.6.2\junit-platform-commons-1.6.2.jar;D:\cangku\repository\org\junit\jupiter\junit-jupiter-params\5.6.2\junit-jupiter-params-5.6.2.jar;D:\cangku\repository\org\junit\jupiter\junit-jupiter-engine\5.6.2\junit-jupiter-engine-5.6.2.jar;D:\cangku\repository\org\junit\platform\junit-platform-engine\1.6.2\junit-platform-engine-1.6.2.jar;D:\cangku\repository\org\mockito\mockito-core\3.4.6\mockito-core-3.4.6.jar;D:\cangku\repository\net\bytebuddy\byte-buddy\1.10.14\byte-buddy-1.10.14.jar;D:\cangku\repository\net\bytebuddy\byte-buddy-agent\1.10.14\byte-buddy-agent-1.10.14.jar;D:\cangku\repository\org\objenesis\objenesis\2.6\objenesis-2.6.jar;D:\cangku\repository\org\mockito\mockito-junit-jupiter\3.4.6\mockito-junit-jupiter-3.4.6.jar;D:\cangku\repository\org\skyscreamer\jsonassert\1.5.0\jsonassert-1.5.0.jar;D:\cangku\repository\com\vaadin\external\google\android-json\0.0.20131108.vaadin1\android-json-0.0.20131108.vaadin1.jar;D:\cangku\repository\org\springframework\spring-test\5.3.0-SNAPSHOT\spring-test-5.3.0-SNAPSHOT.jar;D:\cangku\repository\org\xmlunit\xmlunit-core\2.7.0\xmlunit-core-2.7.0.jar;"/>
    <property name="sun.cpu.endian" value="little"/>
    <property name="user.home" value="C:\Users\black"/>
    <property name="user.language" value="zh"/>
    <property name="java.specification.vendor" value="Oracle Corporation"/>
    <property name="java.version.date" value="2018-09-25"/>
    <property name="java.home" value="D:\programs\jdk11"/>
    <property name="file.separator" value="\"/>
    <property name="basedir" value="D:\springcloud workplace\payment"/>
    <property name="java.vm.compressedOopsMode" value="32-bit"/>
    <property name="line.separator" value="&#10;"/>
    <property name="java.specification.name" value="Java Platform API Specification"/>
    <property name="java.vm.specification.vendor" value="Oracle Corporation"/>
    <property name="java.awt.graphicsenv" value="sun.awt.Win32GraphicsEnvironment"/>
    <property name="surefire.real.class.path" value="C:\Users\black\AppData\Local\Temp\surefire10099936769195077727\surefirebooter10469857911953356931.jar"/>
    <property name="user.script" value=""/>
    <property name="sun.management.compiler" value="HotSpot 64-Bit Tiered Compilers"/>
    <property name="java.runtime.version" value="11+28"/>
    <property name="user.name" value="black"/>
    <property name="path.separator" value=";"/>
    <property name="os.version" value="10.0"/>
    <property name="java.runtime.name" value="OpenJDK Runtime Environment"/>
    <property name="file.encoding" value="GBK"/>
    <property name="java.vm.name" value="OpenJDK 64-Bit Server VM"/>
    <property name="java.vendor.version" value="18.9"/>
    <property name="localRepository" value="D:\cangku\repository"/>
    <property name="java.vendor.url.bug" value="http://bugreport.java.com/bugreport/"/>
    <property name="java.io.tmpdir" value="C:\Users\black\AppData\Local\Temp\"/>
    <property name="java.version" value="11"/>
    <property name="user.dir" value="D:\springcloud workplace\payment"/>
    <property name="os.arch" value="amd64"/>
    <property name="java.vm.specification.name" value="Java Virtual Machine Specification"/>
    <property name="java.awt.printerjob" value="sun.awt.windows.WPrinterJob"/>
    <property name="sun.os.patch.level" value=""/>
    <property name="java.library.path" value="D:\programs\jdk11\bin;C:\WINDOWS\Sun\Java\bin;C:\WINDOWS\system32;C:\WINDOWS;D:/programs/jdk11/bin/server;D:/programs/jdk11/bin;C:\Program Files (x86)\Intel\Intel(R) Management Engine Components\iCLS\;C:\Program Files\Intel\Intel(R) Management Engine Components\iCLS\;C:\Windows\system32;C:\Windows;C:\Windows\System32\Wbem;C:\Windows\System32\WindowsPowerShell\v1.0\;C:\Windows\System32\OpenSSH\;C:\Program Files (x86)\NVIDIA Corporation\PhysX\Common;C:\Program Files (x86)\Intel\Intel(R) Management Engine Components\DAL;C:\Program Files\Intel\Intel(R) Management Engine Components\DAL;C:\Program Files\Intel\WiFi\bin\;C:\Program Files\Common Files\Intel\WirelessCommon\;D:\programs\apache-maven-3.6.1\bin;D:\programs\jdk11\bin;D:\programs\openVPN\bin;D:\programs\Git\cmd;D:\tools\putty\;C:\Program Files\TortoiseGit\bin;C:\WINDOWS\system32;C:\WINDOWS;C:\WINDOWS\System32\Wbem;C:\WINDOWS\System32\WindowsPowerShell\v1.0\;C:\WINDOWS\System32\OpenSSH\;D:\programs\gradle-6.1-rc-1\bin;C:\Users\black\AppData\Local\Microsoft\WindowsApps;;D:\programs\IntelliJ IDEA 2019.2.2\bin;;D:\tools\eclipse\eclipse-jee-2019-06-R-win32-x86_64\eclipse;;."/>
    <property name="java.vendor" value="Oracle Corporation"/>
    <property name="java.vm.info" value="mixed mode"/>
    <property name="java.vm.version" value="11+28"/>
    <property name="sun.io.unicode.encoding" value="UnicodeLittle"/>
    <property name="java.class.version" value="55.0"/>
  </properties>
  <testcase name="contextLoads" classname="com.hope.PaymentApplicationTests" time="0.426"/>
</testsuite>